<?xml version="1.0" encoding="UTF-8"?>
<testsuite xmlns:xsi="http://www.w3.org/2001/XMLSchema-instance" xsi:noNamespaceSchemaLocation="https://maven.apache.org/surefire/maven-surefire-plugin/xsd/surefire-test-report-3.0.xsd" version="3.0" name="org.example.testRunner.runners" time="383.551" tests="19" errors="0" skipped="0" failures="3">
  <properties>
    <property name="sun.desktop" value="windows"/>
    <property name="awt.toolkit" value="sun.awt.windows.WToolkit"/>
    <property name="file.encoding.pkg" value="sun.io"/>
    <property name="java.specification.version" value="1.8"/>
    <property name="webdriver.chrome.driver" value="C:\Users\Abdalluh\.cache\selenium\chromedriver\win32\104.0.5112.79\chromedriver.exe"/>
    <property name="sun.cpu.isalist" value="amd64"/>
    <property name="sun.jnu.encoding" value="Cp1256"/>
    <property name="java.class.path" value="D:\MY Brojct\demonopcommerce\target\test-classes;D:\MY Brojct\demonopcommerce\target\classes;C:\Users\Abdalluh\.m2\repository\org\seleniumhq\selenium\selenium-java\4.4.0\selenium-java-4.4.0.jar;C:\Users\Abdalluh\.m2\repository\org\seleniumhq\selenium\selenium-api\4.4.0\selenium-api-4.4.0.jar;C:\Users\Abdalluh\.m2\repository\org\seleniumhq\selenium\selenium-chrome-driver\4.4.0\selenium-chrome-driver-4.4.0.jar;C:\Users\Abdalluh\.m2\repository\com\google\auto\service\auto-service-annotations\1.0.1\auto-service-annotations-1.0.1.jar;C:\Users\Abdalluh\.m2\repository\com\google\auto\service\auto-service\1.0.1\auto-service-1.0.1.jar;C:\Users\Abdalluh\.m2\repository\com\google\auto\auto-common\1.2\auto-common-1.2.jar;C:\Users\Abdalluh\.m2\repository\com\google\guava\guava\31.1-jre\guava-31.1-jre.jar;C:\Users\Abdalluh\.m2\repository\com\google\guava\failureaccess\1.0.1\failureaccess-1.0.1.jar;C:\Users\Abdalluh\.m2\repository\com\google\guava\listenablefuture\9999.0-empty-to-avoid-conflict-with-guava\listenablefuture-9999.0-empty-to-avoid-conflict-with-guava.jar;C:\Users\Abdalluh\.m2\repository\org\checkerframework\checker-qual\3.12.0\checker-qual-3.12.0.jar;C:\Users\Abdalluh\.m2\repository\com\google\errorprone\error_prone_annotations\2.11.0\error_prone_annotations-2.11.0.jar;C:\Users\Abdalluh\.m2\repository\com\google\j2objc\j2objc-annotations\1.3\j2objc-annotations-1.3.jar;C:\Users\Abdalluh\.m2\repository\org\seleniumhq\selenium\selenium-chromium-driver\4.4.0\selenium-chromium-driver-4.4.0.jar;C:\Users\Abdalluh\.m2\repository\org\seleniumhq\selenium\selenium-json\4.4.0\selenium-json-4.4.0.jar;C:\Users\Abdalluh\.m2\repository\org\seleniumhq\selenium\selenium-devtools-v102\4.4.0\selenium-devtools-v102-4.4.0.jar;C:\Users\Abdalluh\.m2\repository\org\seleniumhq\selenium\selenium-devtools-v103\4.4.0\selenium-devtools-v103-4.4.0.jar;C:\Users\Abdalluh\.m2\repository\org\seleniumhq\selenium\selenium-devtools-v104\4.4.0\selenium-devtools-v104-4.4.0.jar;C:\Users\Abdalluh\.m2\repository\org\seleniumhq\selenium\selenium-devtools-v85\4.4.0\selenium-devtools-v85-4.4.0.jar;C:\Users\Abdalluh\.m2\repository\org\seleniumhq\selenium\selenium-edge-driver\4.4.0\selenium-edge-driver-4.4.0.jar;C:\Users\Abdalluh\.m2\repository\org\seleniumhq\selenium\selenium-firefox-driver\4.4.0\selenium-firefox-driver-4.4.0.jar;C:\Users\Abdalluh\.m2\repository\org\seleniumhq\selenium\selenium-ie-driver\4.4.0\selenium-ie-driver-4.4.0.jar;C:\Users\Abdalluh\.m2\repository\org\seleniumhq\selenium\selenium-opera-driver\4.4.0\selenium-opera-driver-4.4.0.jar;C:\Users\Abdalluh\.m2\repository\org\seleniumhq\selenium\selenium-remote-driver\4.4.0\selenium-remote-driver-4.4.0.jar;C:\Users\Abdalluh\.m2\repository\com\beust\jcommander\1.82\jcommander-1.82.jar;C:\Users\Abdalluh\.m2\repository\io\netty\netty-buffer\4.1.78.Final\netty-buffer-4.1.78.Final.jar;C:\Users\Abdalluh\.m2\repository\io\netty\netty-codec-http\4.1.78.Final\netty-codec-http-4.1.78.Final.jar;C:\Users\Abdalluh\.m2\repository\io\netty\netty-codec\4.1.78.Final\netty-codec-4.1.78.Final.jar;C:\Users\Abdalluh\.m2\repository\io\netty\netty-handler\4.1.78.Final\netty-handler-4.1.78.Final.jar;C:\Users\Abdalluh\.m2\repository\io\netty\netty-common\4.1.78.Final\netty-common-4.1.78.Final.jar;C:\Users\Abdalluh\.m2\repository\io\netty\netty-transport-classes-epoll\4.1.78.Final\netty-transport-classes-epoll-4.1.78.Final.jar;C:\Users\Abdalluh\.m2\repository\io\netty\netty-transport-classes-kqueue\4.1.78.Final\netty-transport-classes-kqueue-4.1.78.Final.jar;C:\Users\Abdalluh\.m2\repository\io\netty\netty-transport-native-epoll\4.1.78.Final\netty-transport-native-epoll-4.1.78.Final.jar;C:\Users\Abdalluh\.m2\repository\io\netty\netty-transport-native-kqueue\4.1.78.Final\netty-transport-native-kqueue-4.1.78.Final.jar;C:\Users\Abdalluh\.m2\repository\io\netty\netty-transport-native-unix-common\4.1.78.Final\netty-transport-native-unix-common-4.1.78.Final.jar;C:\Users\Abdalluh\.m2\repository\io\netty\netty-transport\4.1.78.Final\netty-transport-4.1.78.Final.jar;C:\Users\Abdalluh\.m2\repository\io\netty\netty-resolver\4.1.78.Final\netty-resolver-4.1.78.Final.jar;C:\Users\Abdalluh\.m2\repository\io\opentelemetry\opentelemetry-api\1.16.0\opentelemetry-api-1.16.0.jar;C:\Users\Abdalluh\.m2\repository\io\opentelemetry\opentelemetry-context\1.16.0\opentelemetry-context-1.16.0.jar;C:\Users\Abdalluh\.m2\repository\io\opentelemetry\opentelemetry-exporter-logging\1.16.0\opentelemetry-exporter-logging-1.16.0.jar;C:\Users\Abdalluh\.m2\repository\io\opentelemetry\opentelemetry-sdk-metrics\1.16.0\opentelemetry-sdk-metrics-1.16.0.jar;C:\Users\Abdalluh\.m2\repository\io\opentelemetry\opentelemetry-sdk-logs\1.16.0-alpha\opentelemetry-sdk-logs-1.16.0-alpha.jar;C:\Users\Abdalluh\.m2\repository\io\opentelemetry\opentelemetry-sdk-common\1.16.0\opentelemetry-sdk-common-1.16.0.jar;C:\Users\Abdalluh\.m2\repository\io\opentelemetry\opentelemetry-sdk-extension-autoconfigure-spi\1.16.0\opentelemetry-sdk-extension-autoconfigure-spi-1.16.0.jar;C:\Users\Abdalluh\.m2\repository\io\opentelemetry\opentelemetry-sdk-extension-autoconfigure\1.16.0-alpha\opentelemetry-sdk-extension-autoconfigure-1.16.0-alpha.jar;C:\Users\Abdalluh\.m2\repository\io\opentelemetry\opentelemetry-sdk-trace\1.16.0\opentelemetry-sdk-trace-1.16.0.jar;C:\Users\Abdalluh\.m2\repository\io\opentelemetry\opentelemetry-sdk\1.16.0\opentelemetry-sdk-1.16.0.jar;C:\Users\Abdalluh\.m2\repository\io\opentelemetry\opentelemetry-semconv\1.16.0-alpha\opentelemetry-semconv-1.16.0-alpha.jar;C:\Users\Abdalluh\.m2\repository\io\ous\jtoml\2.0.0\jtoml-2.0.0.jar;C:\Users\Abdalluh\.m2\repository\net\bytebuddy\byte-buddy\1.12.10\byte-buddy-1.12.10.jar;C:\Users\Abdalluh\.m2\repository\org\apache\commons\commons-exec\1.3\commons-exec-1.3.jar;C:\Users\Abdalluh\.m2\repository\org\asynchttpclient\async-http-client\2.12.3\async-http-client-2.12.3.jar;C:\Users\Abdalluh\.m2\repository\org\asynchttpclient\async-http-client-netty-utils\2.12.3\async-http-client-netty-utils-2.12.3.jar;C:\Users\Abdalluh\.m2\repository\io\netty\netty-codec-socks\4.1.60.Final\netty-codec-socks-4.1.60.Final.jar;C:\Users\Abdalluh\.m2\repository\io\netty\netty-handler-proxy\4.1.60.Final\netty-handler-proxy-4.1.60.Final.jar;C:\Users\Abdalluh\.m2\repository\io\netty\netty-transport-native-epoll\4.1.60.Final\netty-transport-native-epoll-4.1.60.Final-linux-x86_64.jar;C:\Users\Abdalluh\.m2\repository\io\netty\netty-transport-native-kqueue\4.1.60.Final\netty-transport-native-kqueue-4.1.60.Final-osx-x86_64.jar;C:\Users\Abdalluh\.m2\repository\org\reactivestreams\reactive-streams\1.0.3\reactive-streams-1.0.3.jar;C:\Users\Abdalluh\.m2\repository\com\typesafe\netty\netty-reactive-streams\2.0.4\netty-reactive-streams-2.0.4.jar;C:\Users\Abdalluh\.m2\repository\com\sun\activation\jakarta.activation\1.2.2\jakarta.activation-1.2.2.jar;C:\Users\Abdalluh\.m2\repository\org\seleniumhq\selenium\selenium-http\4.4.0\selenium-http-4.4.0.jar;C:\Users\Abdalluh\.m2\repository\dev\failsafe\failsafe\3.2.4\failsafe-3.2.4.jar;C:\Users\Abdalluh\.m2\repository\org\seleniumhq\selenium\selenium-safari-driver\4.4.0\selenium-safari-driver-4.4.0.jar;C:\Users\Abdalluh\.m2\repository\org\seleniumhq\selenium\selenium-support\4.4.0\selenium-support-4.4.0.jar;C:\Users\Abdalluh\.m2\repository\io\github\bonigarcia\webdrivermanager\5.2.3\webdrivermanager-5.2.3.jar;C:\Users\Abdalluh\.m2\repository\org\slf4j\slf4j-api\1.7.36\slf4j-api-1.7.36.jar;C:\Users\Abdalluh\.m2\repository\com\google\code\gson\gson\2.9.1\gson-2.9.1.jar;C:\Users\Abdalluh\.m2\repository\com\github\docker-java\docker-java\3.2.13\docker-java-3.2.13.jar;C:\Users\Abdalluh\.m2\repository\com\github\docker-java\docker-java-core\3.2.13\docker-java-core-3.2.13.jar;C:\Users\Abdalluh\.m2\repository\com\github\docker-java\docker-java-api\3.2.13\docker-java-api-3.2.13.jar;C:\Users\Abdalluh\.m2\repository\com\fasterxml\jackson\core\jackson-annotations\2.10.3\jackson-annotations-2.10.3.jar;C:\Users\Abdalluh\.m2\repository\commons-io\commons-io\2.6\commons-io-2.6.jar;C:\Users\Abdalluh\.m2\repository\org\apache\commons\commons-compress\1.21\commons-compress-1.21.jar;C:\Users\Abdalluh\.m2\repository\com\fasterxml\jackson\core\jackson-databind\2.10.3\jackson-databind-2.10.3.jar;C:\Users\Abdalluh\.m2\repository\com\fasterxml\jackson\core\jackson-core\2.10.3\jackson-core-2.10.3.jar;C:\Users\Abdalluh\.m2\repository\org\bouncycastle\bcpkix-jdk15on\1.64\bcpkix-jdk15on-1.64.jar;C:\Users\Abdalluh\.m2\repository\org\bouncycastle\bcprov-jdk15on\1.64\bcprov-jdk15on-1.64.jar;C:\Users\Abdalluh\.m2\repository\org\slf4j\jcl-over-slf4j\1.7.30\jcl-over-slf4j-1.7.30.jar;C:\Users\Abdalluh\.m2\repository\com\github\docker-java\docker-java-transport-httpclient5\3.2.13\docker-java-transport-httpclient5-3.2.13.jar;C:\Users\Abdalluh\.m2\repository\com\github\docker-java\docker-java-transport\3.2.13\docker-java-transport-3.2.13.jar;C:\Users\Abdalluh\.m2\repository\net\java\dev\jna\jna\5.8.0\jna-5.8.0.jar;C:\Users\Abdalluh\.m2\repository\org\brotli\dec\0.1.2\dec-0.1.2.jar;C:\Users\Abdalluh\.m2\repository\org\apache\commons\commons-lang3\3.12.0\commons-lang3-3.12.0.jar;C:\Users\Abdalluh\.m2\repository\org\apache\httpcomponents\client5\httpclient5\5.1.3\httpclient5-5.1.3.jar;C:\Users\Abdalluh\.m2\repository\org\apache\httpcomponents\core5\httpcore5\5.1.3\httpcore5-5.1.3.jar;C:\Users\Abdalluh\.m2\repository\org\apache\httpcomponents\core5\httpcore5-h2\5.1.3\httpcore5-h2-5.1.3.jar;C:\Users\Abdalluh\.m2\repository\commons-codec\commons-codec\1.15\commons-codec-1.15.jar;C:\Users\Abdalluh\.m2\repository\io\cucumber\cucumber-java\7.3.4\cucumber-java-7.3.4.jar;C:\Users\Abdalluh\.m2\repository\io\cucumber\cucumber-core\7.3.4\cucumber-core-7.3.4.jar;C:\Users\Abdalluh\.m2\repository\io\cucumber\cucumber-gherkin\7.3.4\cucumber-gherkin-7.3.4.jar;C:\Users\Abdalluh\.m2\repository\io\cucumber\cucumber-gherkin-messages\7.3.4\cucumber-gherkin-messages-7.3.4.jar;C:\Users\Abdalluh\.m2\repository\io\cucumber\gherkin\23.0.1\gherkin-23.0.1.jar;C:\Users\Abdalluh\.m2\repository\io\cucumber\messages\18.0.0\messages-18.0.0.jar;C:\Users\Abdalluh\.m2\repository\io\cucumber\tag-expressions\4.1.0\tag-expressions-4.1.0.jar;C:\Users\Abdalluh\.m2\repository\io\cucumber\cucumber-expressions\15.1.1\cucumber-expressions-15.1.1.jar;C:\Users\Abdalluh\.m2\repository\io\cucumber\datatable\7.3.4\datatable-7.3.4.jar;C:\Users\Abdalluh\.m2\repository\io\cucumber\cucumber-plugin\7.3.4\cucumber-plugin-7.3.4.jar;C:\Users\Abdalluh\.m2\repository\io\cucumber\docstring\7.3.4\docstring-7.3.4.jar;C:\Users\Abdalluh\.m2\repository\io\cucumber\html-formatter\19.1.0\html-formatter-19.1.0.jar;C:\Users\Abdalluh\.m2\repository\io\cucumber\ci-environment\9.0.4\ci-environment-9.0.4.jar;C:\Users\Abdalluh\.m2\repository\org\apiguardian\apiguardian-api\1.1.2\apiguardian-api-1.1.2.jar;C:\Users\Abdalluh\.m2\repository\io\cucumber\cucumber-testng\7.3.4\cucumber-testng-7.3.4.jar;C:\Users\Abdalluh\.m2\repository\org\testng\testng\7.5\testng-7.5.jar;C:\Users\Abdalluh\.m2\repository\com\google\code\findbugs\jsr305\3.0.1\jsr305-3.0.1.jar;C:\Users\Abdalluh\.m2\repository\org\webjars\jquery\3.5.1\jquery-3.5.1.jar;"/>
    <property name="java.vm.vendor" value="Oracle Corporation"/>
    <property name="sun.arch.data.model" value="64"/>
    <property name="user.variant" value=""/>
    <property name="java.vendor.url" value="http://java.oracle.com/"/>
    <property name="user.timezone" value="Africa/Cairo"/>
    <property name="user.country.format" value="EG"/>
    <property name="java.vm.specification.version" value="1.8"/>
    <property name="os.name" value="Windows 10"/>
    <property name="user.country" value="GB"/>
    <property name="sun.java.launcher" value="SUN_STANDARD"/>
    <property name="sun.boot.library.path" value="C:\Program Files\Java\jdk1.8.0_341\jre\bin"/>
    <property name="sun.java.command" value="C:\Users\Abdalluh\AppData\Local\Temp\surefire3420799699879302803\surefirebooter2464951291712160231.jar C:\Users\Abdalluh\AppData\Local\Temp\surefire3420799699879302803 2022-08-19T17-46-33_152-jvmRun1 surefire7718411320975140114tmp surefire_07282974394953674586tmp"/>
    <property name="surefire.test.class.path" value="D:\MY Brojct\demonopcommerce\target\test-classes;D:\MY Brojct\demonopcommerce\target\classes;C:\Users\Abdalluh\.m2\repository\org\seleniumhq\selenium\selenium-java\4.4.0\selenium-java-4.4.0.jar;C:\Users\Abdalluh\.m2\repository\org\seleniumhq\selenium\selenium-api\4.4.0\selenium-api-4.4.0.jar;C:\Users\Abdalluh\.m2\repository\org\seleniumhq\selenium\selenium-chrome-driver\4.4.0\selenium-chrome-driver-4.4.0.jar;C:\Users\Abdalluh\.m2\repository\com\google\auto\service\auto-service-annotations\1.0.1\auto-service-annotations-1.0.1.jar;C:\Users\Abdalluh\.m2\repository\com\google\auto\service\auto-service\1.0.1\auto-service-1.0.1.jar;C:\Users\Abdalluh\.m2\repository\com\google\auto\auto-common\1.2\auto-common-1.2.jar;C:\Users\Abdalluh\.m2\repository\com\google\guava\guava\31.1-jre\guava-31.1-jre.jar;C:\Users\Abdalluh\.m2\repository\com\google\guava\failureaccess\1.0.1\failureaccess-1.0.1.jar;C:\Users\Abdalluh\.m2\repository\com\google\guava\listenablefuture\9999.0-empty-to-avoid-conflict-with-guava\listenablefuture-9999.0-empty-to-avoid-conflict-with-guava.jar;C:\Users\Abdalluh\.m2\repository\org\checkerframework\checker-qual\3.12.0\checker-qual-3.12.0.jar;C:\Users\Abdalluh\.m2\repository\com\google\errorprone\error_prone_annotations\2.11.0\error_prone_annotations-2.11.0.jar;C:\Users\Abdalluh\.m2\repository\com\google\j2objc\j2objc-annotations\1.3\j2objc-annotations-1.3.jar;C:\Users\Abdalluh\.m2\repository\org\seleniumhq\selenium\selenium-chromium-driver\4.4.0\selenium-chromium-driver-4.4.0.jar;C:\Users\Abdalluh\.m2\repository\org\seleniumhq\selenium\selenium-json\4.4.0\selenium-json-4.4.0.jar;C:\Users\Abdalluh\.m2\repository\org\seleniumhq\selenium\selenium-devtools-v102\4.4.0\selenium-devtools-v102-4.4.0.jar;C:\Users\Abdalluh\.m2\repository\org\seleniumhq\selenium\selenium-devtools-v103\4.4.0\selenium-devtools-v103-4.4.0.jar;C:\Users\Abdalluh\.m2\repository\org\seleniumhq\selenium\selenium-devtools-v104\4.4.0\selenium-devtools-v104-4.4.0.jar;C:\Users\Abdalluh\.m2\repository\org\seleniumhq\selenium\selenium-devtools-v85\4.4.0\selenium-devtools-v85-4.4.0.jar;C:\Users\Abdalluh\.m2\repository\org\seleniumhq\selenium\selenium-edge-driver\4.4.0\selenium-edge-driver-4.4.0.jar;C:\Users\Abdalluh\.m2\repository\org\seleniumhq\selenium\selenium-firefox-driver\4.4.0\selenium-firefox-driver-4.4.0.jar;C:\Users\Abdalluh\.m2\repository\org\seleniumhq\selenium\selenium-ie-driver\4.4.0\selenium-ie-driver-4.4.0.jar;C:\Users\Abdalluh\.m2\repository\org\seleniumhq\selenium\selenium-opera-driver\4.4.0\selenium-opera-driver-4.4.0.jar;C:\Users\Abdalluh\.m2\repository\org\seleniumhq\selenium\selenium-remote-driver\4.4.0\selenium-remote-driver-4.4.0.jar;C:\Users\Abdalluh\.m2\repository\com\beust\jcommander\1.82\jcommander-1.82.jar;C:\Users\Abdalluh\.m2\repository\io\netty\netty-buffer\4.1.78.Final\netty-buffer-4.1.78.Final.jar;C:\Users\Abdalluh\.m2\repository\io\netty\netty-codec-http\4.1.78.Final\netty-codec-http-4.1.78.Final.jar;C:\Users\Abdalluh\.m2\repository\io\netty\netty-codec\4.1.78.Final\netty-codec-4.1.78.Final.jar;C:\Users\Abdalluh\.m2\repository\io\netty\netty-handler\4.1.78.Final\netty-handler-4.1.78.Final.jar;C:\Users\Abdalluh\.m2\repository\io\netty\netty-common\4.1.78.Final\netty-common-4.1.78.Final.jar;C:\Users\Abdalluh\.m2\repository\io\netty\netty-transport-classes-epoll\4.1.78.Final\netty-transport-classes-epoll-4.1.78.Final.jar;C:\Users\Abdalluh\.m2\repository\io\netty\netty-transport-classes-kqueue\4.1.78.Final\netty-transport-classes-kqueue-4.1.78.Final.jar;C:\Users\Abdalluh\.m2\repository\io\netty\netty-transport-native-epoll\4.1.78.Final\netty-transport-native-epoll-4.1.78.Final.jar;C:\Users\Abdalluh\.m2\repository\io\netty\netty-transport-native-kqueue\4.1.78.Final\netty-transport-native-kqueue-4.1.78.Final.jar;C:\Users\Abdalluh\.m2\repository\io\netty\netty-transport-native-unix-common\4.1.78.Final\netty-transport-native-unix-common-4.1.78.Final.jar;C:\Users\Abdalluh\.m2\repository\io\netty\netty-transport\4.1.78.Final\netty-transport-4.1.78.Final.jar;C:\Users\Abdalluh\.m2\repository\io\netty\netty-resolver\4.1.78.Final\netty-resolver-4.1.78.Final.jar;C:\Users\Abdalluh\.m2\repository\io\opentelemetry\opentelemetry-api\1.16.0\opentelemetry-api-1.16.0.jar;C:\Users\Abdalluh\.m2\repository\io\opentelemetry\opentelemetry-context\1.16.0\opentelemetry-context-1.16.0.jar;C:\Users\Abdalluh\.m2\repository\io\opentelemetry\opentelemetry-exporter-logging\1.16.0\opentelemetry-exporter-logging-1.16.0.jar;C:\Users\Abdalluh\.m2\repository\io\opentelemetry\opentelemetry-sdk-metrics\1.16.0\opentelemetry-sdk-metrics-1.16.0.jar;C:\Users\Abdalluh\.m2\repository\io\opentelemetry\opentelemetry-sdk-logs\1.16.0-alpha\opentelemetry-sdk-logs-1.16.0-alpha.jar;C:\Users\Abdalluh\.m2\repository\io\opentelemetry\opentelemetry-sdk-common\1.16.0\opentelemetry-sdk-common-1.16.0.jar;C:\Users\Abdalluh\.m2\repository\io\opentelemetry\opentelemetry-sdk-extension-autoconfigure-spi\1.16.0\opentelemetry-sdk-extension-autoconfigure-spi-1.16.0.jar;C:\Users\Abdalluh\.m2\repository\io\opentelemetry\opentelemetry-sdk-extension-autoconfigure\1.16.0-alpha\opentelemetry-sdk-extension-autoconfigure-1.16.0-alpha.jar;C:\Users\Abdalluh\.m2\repository\io\opentelemetry\opentelemetry-sdk-trace\1.16.0\opentelemetry-sdk-trace-1.16.0.jar;C:\Users\Abdalluh\.m2\repository\io\opentelemetry\opentelemetry-sdk\1.16.0\opentelemetry-sdk-1.16.0.jar;C:\Users\Abdalluh\.m2\repository\io\opentelemetry\opentelemetry-semconv\1.16.0-alpha\opentelemetry-semconv-1.16.0-alpha.jar;C:\Users\Abdalluh\.m2\repository\io\ous\jtoml\2.0.0\jtoml-2.0.0.jar;C:\Users\Abdalluh\.m2\repository\net\bytebuddy\byte-buddy\1.12.10\byte-buddy-1.12.10.jar;C:\Users\Abdalluh\.m2\repository\org\apache\commons\commons-exec\1.3\commons-exec-1.3.jar;C:\Users\Abdalluh\.m2\repository\org\asynchttpclient\async-http-client\2.12.3\async-http-client-2.12.3.jar;C:\Users\Abdalluh\.m2\repository\org\asynchttpclient\async-http-client-netty-utils\2.12.3\async-http-client-netty-utils-2.12.3.jar;C:\Users\Abdalluh\.m2\repository\io\netty\netty-codec-socks\4.1.60.Final\netty-codec-socks-4.1.60.Final.jar;C:\Users\Abdalluh\.m2\repository\io\netty\netty-handler-proxy\4.1.60.Final\netty-handler-proxy-4.1.60.Final.jar;C:\Users\Abdalluh\.m2\repository\io\netty\netty-transport-native-epoll\4.1.60.Final\netty-transport-native-epoll-4.1.60.Final-linux-x86_64.jar;C:\Users\Abdalluh\.m2\repository\io\netty\netty-transport-native-kqueue\4.1.60.Final\netty-transport-native-kqueue-4.1.60.Final-osx-x86_64.jar;C:\Users\Abdalluh\.m2\repository\org\reactivestreams\reactive-streams\1.0.3\reactive-streams-1.0.3.jar;C:\Users\Abdalluh\.m2\repository\com\typesafe\netty\netty-reactive-streams\2.0.4\netty-reactive-streams-2.0.4.jar;C:\Users\Abdalluh\.m2\repository\com\sun\activation\jakarta.activation\1.2.2\jakarta.activation-1.2.2.jar;C:\Users\Abdalluh\.m2\repository\org\seleniumhq\selenium\selenium-http\4.4.0\selenium-http-4.4.0.jar;C:\Users\Abdalluh\.m2\repository\dev\failsafe\failsafe\3.2.4\failsafe-3.2.4.jar;C:\Users\Abdalluh\.m2\repository\org\seleniumhq\selenium\selenium-safari-driver\4.4.0\selenium-safari-driver-4.4.0.jar;C:\Users\Abdalluh\.m2\repository\org\seleniumhq\selenium\selenium-support\4.4.0\selenium-support-4.4.0.jar;C:\Users\Abdalluh\.m2\repository\io\github\bonigarcia\webdrivermanager\5.2.3\webdrivermanager-5.2.3.jar;C:\Users\Abdalluh\.m2\repository\org\slf4j\slf4j-api\1.7.36\slf4j-api-1.7.36.jar;C:\Users\Abdalluh\.m2\repository\com\google\code\gson\gson\2.9.1\gson-2.9.1.jar;C:\Users\Abdalluh\.m2\repository\com\github\docker-java\docker-java\3.2.13\docker-java-3.2.13.jar;C:\Users\Abdalluh\.m2\repository\com\github\docker-java\docker-java-core\3.2.13\docker-java-core-3.2.13.jar;C:\Users\Abdalluh\.m2\repository\com\github\docker-java\docker-java-api\3.2.13\docker-java-api-3.2.13.jar;C:\Users\Abdalluh\.m2\repository\com\fasterxml\jackson\core\jackson-annotations\2.10.3\jackson-annotations-2.10.3.jar;C:\Users\Abdalluh\.m2\repository\commons-io\commons-io\2.6\commons-io-2.6.jar;C:\Users\Abdalluh\.m2\repository\org\apache\commons\commons-compress\1.21\commons-compress-1.21.jar;C:\Users\Abdalluh\.m2\repository\com\fasterxml\jackson\core\jackson-databind\2.10.3\jackson-databind-2.10.3.jar;C:\Users\Abdalluh\.m2\repository\com\fasterxml\jackson\core\jackson-core\2.10.3\jackson-core-2.10.3.jar;C:\Users\Abdalluh\.m2\repository\org\bouncycastle\bcpkix-jdk15on\1.64\bcpkix-jdk15on-1.64.jar;C:\Users\Abdalluh\.m2\repository\org\bouncycastle\bcprov-jdk15on\1.64\bcprov-jdk15on-1.64.jar;C:\Users\Abdalluh\.m2\repository\org\slf4j\jcl-over-slf4j\1.7.30\jcl-over-slf4j-1.7.30.jar;C:\Users\Abdalluh\.m2\repository\com\github\docker-java\docker-java-transport-httpclient5\3.2.13\docker-java-transport-httpclient5-3.2.13.jar;C:\Users\Abdalluh\.m2\repository\com\github\docker-java\docker-java-transport\3.2.13\docker-java-transport-3.2.13.jar;C:\Users\Abdalluh\.m2\repository\net\java\dev\jna\jna\5.8.0\jna-5.8.0.jar;C:\Users\Abdalluh\.m2\repository\org\brotli\dec\0.1.2\dec-0.1.2.jar;C:\Users\Abdalluh\.m2\repository\org\apache\commons\commons-lang3\3.12.0\commons-lang3-3.12.0.jar;C:\Users\Abdalluh\.m2\repository\org\apache\httpcomponents\client5\httpclient5\5.1.3\httpclient5-5.1.3.jar;C:\Users\Abdalluh\.m2\repository\org\apache\httpcomponents\core5\httpcore5\5.1.3\httpcore5-5.1.3.jar;C:\Users\Abdalluh\.m2\repository\org\apache\httpcomponents\core5\httpcore5-h2\5.1.3\httpcore5-h2-5.1.3.jar;C:\Users\Abdalluh\.m2\repository\commons-codec\commons-codec\1.15\commons-codec-1.15.jar;C:\Users\Abdalluh\.m2\repository\io\cucumber\cucumber-java\7.3.4\cucumber-java-7.3.4.jar;C:\Users\Abdalluh\.m2\repository\io\cucumber\cucumber-core\7.3.4\cucumber-core-7.3.4.jar;C:\Users\Abdalluh\.m2\repository\io\cucumber\cucumber-gherkin\7.3.4\cucumber-gherkin-7.3.4.jar;C:\Users\Abdalluh\.m2\repository\io\cucumber\cucumber-gherkin-messages\7.3.4\cucumber-gherkin-messages-7.3.4.jar;C:\Users\Abdalluh\.m2\repository\io\cucumber\gherkin\23.0.1\gherkin-23.0.1.jar;C:\Users\Abdalluh\.m2\repository\io\cucumber\messages\18.0.0\messages-18.0.0.jar;C:\Users\Abdalluh\.m2\repository\io\cucumber\tag-expressions\4.1.0\tag-expressions-4.1.0.jar;C:\Users\Abdalluh\.m2\repository\io\cucumber\cucumber-expressions\15.1.1\cucumber-expressions-15.1.1.jar;C:\Users\Abdalluh\.m2\repository\io\cucumber\datatable\7.3.4\datatable-7.3.4.jar;C:\Users\Abdalluh\.m2\repository\io\cucumber\cucumber-plugin\7.3.4\cucumber-plugin-7.3.4.jar;C:\Users\Abdalluh\.m2\repository\io\cucumber\docstring\7.3.4\docstring-7.3.4.jar;C:\Users\Abdalluh\.m2\repository\io\cucumber\html-formatter\19.1.0\html-formatter-19.1.0.jar;C:\Users\Abdalluh\.m2\repository\io\cucumber\ci-environment\9.0.4\ci-environment-9.0.4.jar;C:\Users\Abdalluh\.m2\repository\org\apiguardian\apiguardian-api\1.1.2\apiguardian-api-1.1.2.jar;C:\Users\Abdalluh\.m2\repository\io\cucumber\cucumber-testng\7.3.4\cucumber-testng-7.3.4.jar;C:\Users\Abdalluh\.m2\repository\org\testng\testng\7.5\testng-7.5.jar;C:\Users\Abdalluh\.m2\repository\com\google\code\findbugs\jsr305\3.0.1\jsr305-3.0.1.jar;C:\Users\Abdalluh\.m2\repository\org\webjars\jquery\3.5.1\jquery-3.5.1.jar;"/>
    <property name="sun.cpu.endian" value="little"/>
    <property name="user.home" value="C:\Users\Abdalluh"/>
    <property name="user.language" value="en"/>
    <property name="java.specification.vendor" value="Oracle Corporation"/>
    <property name="java.home" value="C:\Program Files\Java\jdk1.8.0_341\jre"/>
    <property name="basedir" value="D:\MY Brojct\demonopcommerce"/>
    <property name="file.separator" value="\"/>
    <property name="line.separator" value="&#10;"/>
    <property name="java.vm.specification.vendor" value="Oracle Corporation"/>
    <property name="java.specification.name" value="Java Platform API Specification"/>
    <property name="java.awt.graphicsenv" value="sun.awt.Win32GraphicsEnvironment"/>
    <property name="surefire.real.class.path" value="C:\Users\Abdalluh\AppData\Local\Temp\surefire3420799699879302803\surefirebooter2464951291712160231.jar"/>
    <property name="sun.boot.class.path" value="C:\Program Files\Java\jdk1.8.0_341\jre\lib\resources.jar;C:\Program Files\Java\jdk1.8.0_341\jre\lib\rt.jar;C:\Program Files\Java\jdk1.8.0_341\jre\lib\jsse.jar;C:\Program Files\Java\jdk1.8.0_341\jre\lib\jce.jar;C:\Program Files\Java\jdk1.8.0_341\jre\lib\charsets.jar;C:\Program Files\Java\jdk1.8.0_341\jre\lib\jfr.jar;C:\Program Files\Java\jdk1.8.0_341\jre\classes"/>
    <property name="user.script" value=""/>
    <property name="sun.management.compiler" value="HotSpot 64-Bit Tiered Compilers"/>
    <property name="java.runtime.version" value="1.8.0_341-b10"/>
    <property name="user.name" value="Abdalluh"/>
    <property name="path.separator" value=";"/>
    <property name="os.version" value="10.0"/>
    <property name="java.endorsed.dirs" value="C:\Program Files\Java\jdk1.8.0_341\jre\lib\endorsed"/>
    <property name="java.runtime.name" value="Java(TM) SE Runtime Environment"/>
    <property name="file.encoding" value="Cp1256"/>
    <property name="java.vm.name" value="Java HotSpot(TM) 64-Bit Server VM"/>
    <property name="localRepository" value="C:\Users\Abdalluh\.m2\repository"/>
    <property name="java.vendor.url.bug" value="http://bugreport.sun.com/bugreport/"/>
    <property name="java.io.tmpdir" value="C:\Users\Abdalluh\AppData\Local\Temp\"/>
    <property name="idea.version" value="2022.2"/>
    <property name="java.version" value="1.8.0_341"/>
    <property name="user.dir" value="D:\MY Brojct\demonopcommerce"/>
    <property name="os.arch" value="amd64"/>
    <property name="java.vm.specification.name" value="Java Virtual Machine Specification"/>
    <property name="java.awt.printerjob" value="sun.awt.windows.WPrinterJob"/>
    <property name="user.language.format" value="ar"/>
    <property name="sun.os.patch.level" value=""/>
    <property name="java.library.path" value="C:\Program Files\Java\jdk1.8.0_341\jre\bin;C:\Windows\Sun\Java\bin;C:\Windows\system32;C:\Windows;C:\Program Files (x86)\VMware\VMware Player\bin\;C:\Program Files\Common Files\Oracle\Java\javapath;C:\Program Files (x86)\Common Files\Oracle\Java\javapath;C:\Windows\system32;C:\Windows;C:\Windows\System32\Wbem;C:\Windows\System32\WindowsPowerShell\v1.0\;C:\Windows\System32\OpenSSH\;C:\Program Files\Git\cmd;C:\Program Files\Microsoft SQL Server\Client SDK\ODBC\170\Tools\Binn\;C:\Program Files (x86)\Microsoft SQL Server\150\Tools\Binn\;C:\Program Files\Microsoft SQL Server\150\Tools\Binn\;C:\Program Files\Microsoft SQL Server\150\DTS\Binn\;C:\Program Files (x86)\Microsoft SQL Server\150\DTS\Binn\;C:\Program Files\Azure Data Studio\bin;C:\Program Files\JetBrains\IntelliJ IDEA Community Edition 2022.2\plugins\maven\lib\apache-maven-3.8.6-bin\apache-maven-3.8.6\bin;C:\Program Files\Java\jdk1.8.0_341\bin;C:\Program Files\dotnet\;C:\Users\Abdalluh\AppData\Local\Microsoft\WindowsApps;;C:\Users\Abdalluh\AppData\Local\Programs\Microsoft VS Code\bin;C:\Program Files\Azure Data Studio\bin;."/>
    <property name="java.vm.info" value="mixed mode"/>
    <property name="java.vendor" value="Oracle Corporation"/>
    <property name="java.vm.version" value="25.341-b10"/>
    <property name="java.ext.dirs" value="C:\Program Files\Java\jdk1.8.0_341\jre\lib\ext;C:\Windows\Sun\Java\lib\ext"/>
    <property name="sun.io.unicode.encoding" value="UnicodeLittle"/>
    <property name="java.class.version" value="52.0"/>
  </properties>
  <testcase name="runScenario[&quot;guest user could register with valid data successfully&quot;, &quot;F01_Register | users could register with new accounts&quot;](1)" classname="org.example.testRunner.runners" time="37.724">
    <system-err><![CDATA[SLF4J: Failed to load class "org.slf4j.impl.StaticLoggerBinder".
SLF4J: Defaulting to no-operation (NOP) logger implementation
SLF4J: See http://www.slf4j.org/codes.html#StaticLoggerBinder for further details.
Starting ChromeDriver 104.0.5112.79 (3cf3e8c8a07d104b9e1260c910efb8f383285dc5-refs/branch-heads/5112@{#1307}) on port 57200
Only local connections are allowed.
Please see https://chromedriver.chromium.org/security-considerations for suggestions on keeping ChromeDriver safe.
ChromeDriver was started successfully.
أغس 19, 2022 5:46:48 م org.openqa.selenium.remote.ProtocolHandshake createSession
INFO: Detected upstream dialect: W3C
أغس 19, 2022 5:46:48 م org.openqa.selenium.devtools.CdpVersionFinder findNearestMatch
INFO: Found exact CDP implementation for version 104
]]></system-err>
  </testcase>
  <testcase name="runScenario[&quot;user could login whit valid email and password&quot;, &quot;F02_Login | user could use login functionality to use their account&quot;](2)" classname="org.example.testRunner.runners" time="16.867">
    <system-err><![CDATA[Starting ChromeDriver 104.0.5112.79 (3cf3e8c8a07d104b9e1260c910efb8f383285dc5-refs/branch-heads/5112@{#1307}) on port 51167
Only local connections are allowed.
Please see https://chromedriver.chromium.org/security-considerations for suggestions on keeping ChromeDriver safe.
ChromeDriver was started successfully.
أغس 19, 2022 5:47:20 م org.openqa.selenium.remote.ProtocolHandshake createSession
INFO: Detected upstream dialect: W3C
أغس 19, 2022 5:47:20 م org.openqa.selenium.devtools.CdpVersionFinder findNearestMatch
INFO: Found exact CDP implementation for version 104
]]></system-err>
  </testcase>
  <testcase name="runScenario[&quot;user could login with invalid email and password&quot;, &quot;F02_Login | user could use login functionality to use their account&quot;](3)" classname="org.example.testRunner.runners" time="17.097">
    <system-err><![CDATA[Starting ChromeDriver 104.0.5112.79 (3cf3e8c8a07d104b9e1260c910efb8f383285dc5-refs/branch-heads/5112@{#1307}) on port 63789
Only local connections are allowed.
Please see https://chromedriver.chromium.org/security-considerations for suggestions on keeping ChromeDriver safe.
ChromeDriver was started successfully.
أغس 19, 2022 5:47:37 م org.openqa.selenium.remote.ProtocolHandshake createSession
INFO: Detected upstream dialect: W3C
أغس 19, 2022 5:47:37 م org.openqa.selenium.devtools.CdpVersionFinder findNearestMatch
INFO: Found exact CDP implementation for version 104
]]></system-err>
  </testcase>
  <testcase name="runScenario[&quot;User could select the kind of currency&quot;, &quot;F03_currencies | user could use currencies Functionality to select the Kind of Currency&quot;](4)" classname="org.example.testRunner.runners" time="17.391">
    <system-out><![CDATA[size4
]]></system-out>
    <system-err><![CDATA[Starting ChromeDriver 104.0.5112.79 (3cf3e8c8a07d104b9e1260c910efb8f383285dc5-refs/branch-heads/5112@{#1307}) on port 55981
Only local connections are allowed.
Please see https://chromedriver.chromium.org/security-considerations for suggestions on keeping ChromeDriver safe.
ChromeDriver was started successfully.
أغس 19, 2022 5:47:54 م org.openqa.selenium.remote.ProtocolHandshake createSession
INFO: Detected upstream dialect: W3C
أغس 19, 2022 5:47:54 م org.openqa.selenium.devtools.CdpVersionFinder findNearestMatch
INFO: Found exact CDP implementation for version 104
]]></system-err>
  </testcase>
  <testcase name="runScenario[&quot;user could search using product name&quot;, &quot;&gt; F04_Search |user could use Search Functionality to find The any product&quot;](5)" classname="org.example.testRunner.runners" time="18.049">
    <system-err><![CDATA[Starting ChromeDriver 104.0.5112.79 (3cf3e8c8a07d104b9e1260c910efb8f383285dc5-refs/branch-heads/5112@{#1307}) on port 51501
Only local connections are allowed.
Please see https://chromedriver.chromium.org/security-considerations for suggestions on keeping ChromeDriver safe.
ChromeDriver was started successfully.
أغس 19, 2022 5:48:10 م org.openqa.selenium.remote.ProtocolHandshake createSession
INFO: Detected upstream dialect: W3C
أغس 19, 2022 5:48:10 م org.openqa.selenium.devtools.CdpVersionFinder findNearestMatch
INFO: Found exact CDP implementation for version 104
]]></system-err>
  </testcase>
  <testcase name="runScenario[&quot;user could search using product name&quot;, &quot;&gt; F04_Search |user could use Search Functionality to find The any product&quot;](6)" classname="org.example.testRunner.runners" time="17.578">
    <system-err><![CDATA[Starting ChromeDriver 104.0.5112.79 (3cf3e8c8a07d104b9e1260c910efb8f383285dc5-refs/branch-heads/5112@{#1307}) on port 50820
Only local connections are allowed.
Please see https://chromedriver.chromium.org/security-considerations for suggestions on keeping ChromeDriver safe.
ChromeDriver was started successfully.
أغس 19, 2022 5:48:29 م org.openqa.selenium.remote.ProtocolHandshake createSession
INFO: Detected upstream dialect: W3C
أغس 19, 2022 5:48:29 م org.openqa.selenium.devtools.CdpVersionFinder findNearestMatch
INFO: Found exact CDP implementation for version 104
]]></system-err>
  </testcase>
  <testcase name="runScenario[&quot;user could search using product name&quot;, &quot;&gt; F04_Search |user could use Search Functionality to find The any product&quot;](7)" classname="org.example.testRunner.runners" time="17.399">
    <system-err><![CDATA[Starting ChromeDriver 104.0.5112.79 (3cf3e8c8a07d104b9e1260c910efb8f383285dc5-refs/branch-heads/5112@{#1307}) on port 57428
Only local connections are allowed.
Please see https://chromedriver.chromium.org/security-considerations for suggestions on keeping ChromeDriver safe.
ChromeDriver was started successfully.
أغس 19, 2022 5:48:46 م org.openqa.selenium.remote.ProtocolHandshake createSession
INFO: Detected upstream dialect: W3C
أغس 19, 2022 5:48:46 م org.openqa.selenium.devtools.CdpVersionFinder findNearestMatch
INFO: Found exact CDP implementation for version 104
]]></system-err>
  </testcase>
  <testcase name="runScenario[&quot;user could search for product using sku&quot;, &quot;&gt; F04_Search |user could use Search Functionality to find The any product&quot;](8)" classname="org.example.testRunner.runners" time="16.733">
    <system-err><![CDATA[Starting ChromeDriver 104.0.5112.79 (3cf3e8c8a07d104b9e1260c910efb8f383285dc5-refs/branch-heads/5112@{#1307}) on port 62218
Only local connections are allowed.
Please see https://chromedriver.chromium.org/security-considerations for suggestions on keeping ChromeDriver safe.
ChromeDriver was started successfully.
أغس 19, 2022 5:49:04 م org.openqa.selenium.remote.ProtocolHandshake createSession
INFO: Detected upstream dialect: W3C
أغس 19, 2022 5:49:04 م org.openqa.selenium.devtools.CdpVersionFinder findNearestMatch
INFO: Found exact CDP implementation for version 104
]]></system-err>
  </testcase>
  <testcase name="runScenario[&quot;user could search for product using sku&quot;, &quot;&gt; F04_Search |user could use Search Functionality to find The any product&quot;](9)" classname="org.example.testRunner.runners" time="19.905">
    <system-err><![CDATA[Starting ChromeDriver 104.0.5112.79 (3cf3e8c8a07d104b9e1260c910efb8f383285dc5-refs/branch-heads/5112@{#1307}) on port 50310
Only local connections are allowed.
Please see https://chromedriver.chromium.org/security-considerations for suggestions on keeping ChromeDriver safe.
ChromeDriver was started successfully.
أغس 19, 2022 5:49:21 م org.openqa.selenium.remote.ProtocolHandshake createSession
INFO: Detected upstream dialect: W3C
أغس 19, 2022 5:49:21 م org.openqa.selenium.devtools.CdpVersionFinder findNearestMatch
INFO: Found exact CDP implementation for version 104
]]></system-err>
  </testcase>
  <testcase name="runScenario[&quot;user could search for product using sku&quot;, &quot;&gt; F04_Search |user could use Search Functionality to find The any product&quot;](10)" classname="org.example.testRunner.runners" time="17.164">
    <system-err><![CDATA[Starting ChromeDriver 104.0.5112.79 (3cf3e8c8a07d104b9e1260c910efb8f383285dc5-refs/branch-heads/5112@{#1307}) on port 56758
Only local connections are allowed.
Please see https://chromedriver.chromium.org/security-considerations for suggestions on keeping ChromeDriver safe.
ChromeDriver was started successfully.
أغس 19, 2022 5:49:40 م org.openqa.selenium.remote.ProtocolHandshake createSession
INFO: Detected upstream dialect: W3C
أغس 19, 2022 5:49:41 م org.openqa.selenium.devtools.CdpVersionFinder findNearestMatch
INFO: Found exact CDP implementation for version 104
]]></system-err>
  </testcase>
  <testcase name="runScenario[&quot;user could hover on one of main categories then click on sub category&quot;, &quot;F05_hoverCategories | user could use hover Functionality on one of main categories&quot;](11)" classname="org.example.testRunner.runners" time="17.542">
    <system-out><![CDATA[size7
to know which category is selected:   Gift Cards
]]></system-out>
    <system-err><![CDATA[Starting ChromeDriver 104.0.5112.79 (3cf3e8c8a07d104b9e1260c910efb8f383285dc5-refs/branch-heads/5112@{#1307}) on port 65466
Only local connections are allowed.
Please see https://chromedriver.chromium.org/security-considerations for suggestions on keeping ChromeDriver safe.
ChromeDriver was started successfully.
أغس 19, 2022 5:49:58 م org.openqa.selenium.remote.ProtocolHandshake createSession
INFO: Detected upstream dialect: W3C
أغس 19, 2022 5:49:58 م org.openqa.selenium.devtools.CdpVersionFinder findNearestMatch
INFO: Found exact CDP implementation for version 104
]]></system-err>
  </testcase>
  <testcase name="runScenario[&quot;first slider (Nokia Lumia 1020) is clickable on home page&quot;, &quot;F06_homeSliders | user could click on Sliders&quot;](12)" classname="org.example.testRunner.runners" time="16.595">
    <failure message="expected [https://demo.nopcommerce.com/nokia-lumia-1020] but found [https://demo.nopcommerce.com/]" type="java.lang.AssertionError"><![CDATA[java.lang.AssertionError: expected [https://demo.nopcommerce.com/nokia-lumia-1020] but found [https://demo.nopcommerce.com/]
	at org.testng.Assert.fail(Assert.java:110)
	at org.testng.Assert.failNotEquals(Assert.java:1413)
	at org.testng.Assert.assertEqualsImpl(Assert.java:149)
	at org.testng.Assert.assertEquals(Assert.java:131)
	at org.testng.Assert.assertEquals(Assert.java:655)
	at org.testng.Assert.assertEquals(Assert.java:665)
	at org.example.stepDefs.D06_homeSlidersStepDef.userGoToNokiaLumiaPage(D06_homeSlidersStepDef.java:34)
	at ✽.user go to Nokia Lumia 1020 page(file:///D:/MY%20Brojct/demonopcommerce/src/main/resources/features/F06_homeSliders.feature:6)
]]></failure>
    <system-out><![CDATA[
@smoke
Scenario: guest user could register with valid data successfully &amp#27;[90m# src/main/resources/features/F01_Register.feature:4&amp#27;[0m
  &amp#27;[32mGiven &amp#27;[0m&amp#27;[32muser go to register page&amp#27;[0m                                 &amp#27;[90m# org.example.stepDefs.D01_registerStepDef.openPage()&amp#27;[0m
  &amp#27;[32mWhen &amp#27;[0m&amp#27;[32muser select gender type&amp#27;[0m                                   &amp#27;[90m# org.example.stepDefs.D01_registerStepDef.selectGender()&amp#27;[0m
  &amp#27;[32mAnd &amp#27;[0m&amp#27;[32muser enter first name "&amp#27;[0m&amp#27;[32m&amp#27;[1mautomation&amp#27;[0m&amp#27;[32m" last name "&amp#27;[0m&amp#27;[32m&amp#27;[1mtester&amp#27;[0m&amp#27;[32m"&amp#27;[0m      &amp#27;[90m# org.example.stepDefs.D01_registerStepDef.enterName(java.lang.String,java.lang.String)&amp#27;[0m
  &amp#27;[32mAnd &amp#27;[0m&amp#27;[32muser enter date of birth&amp#27;[0m                                   &amp#27;[90m# org.example.stepDefs.D01_registerStepDef.enterBirth()&amp#27;[0m
  &amp#27;[32mAnd &amp#27;[0m&amp#27;[32muser enter email "&amp#27;[0m&amp#27;[32m&amp#27;[1mtest@example.com&amp#27;[0m&amp#27;[32m" field&amp#27;[0m                  &amp#27;[90m# org.example.stepDefs.D01_registerStepDef.enterEmail(java.lang.String)&amp#27;[0m
  &amp#27;[32mAnd &amp#27;[0m&amp#27;[32muser enter password fields "&amp#27;[0m&amp#27;[32m&amp#27;[1mP@ssw0rd&amp#27;[0m&amp#27;[32m" "&amp#27;[0m&amp#27;[32m&amp#27;[1mP@ssw0rd&amp#27;[0m&amp#27;[32m"&amp#27;[0m           &amp#27;[90m# org.example.stepDefs.D01_registerStepDef.enterPassword(java.lang.String,java.lang.String)&amp#27;[0m
  &amp#27;[32mAnd &amp#27;[0m&amp#27;[32muser click in register button&amp#27;[0m                              &amp#27;[90m# org.example.stepDefs.D01_registerStepDef.registerButton()&amp#27;[0m
  &amp#27;[32mThen &amp#27;[0m&amp#27;[32msuccess massage displayed&amp#27;[0m                                 &amp#27;[90m# org.example.stepDefs.D01_registerStepDef.displayedMassage()&amp#27;[0m

@smoke
Scenario: user could login whit valid email and password         &amp#27;[90m# src/main/resources/features/F02_Login.feature:7&amp#27;[0m
  &amp#27;[32mGiven &amp#27;[0m&amp#27;[32muser go to login page&amp#27;[0m                                    &amp#27;[90m# org.example.stepDefs.D02_loginStepDef.openLoginPage()&amp#27;[0m
  &amp#27;[32mWhen &amp#27;[0m&amp#27;[32muser login with "&amp#27;[0m&amp#27;[32m&amp#27;[1mvalid&amp#27;[0m&amp#27;[32m" "&amp#27;[0m&amp#27;[32m&amp#27;[1mtest@example.com&amp#27;[0m&amp#27;[32m" and "&amp#27;[0m&amp#27;[32m&amp#27;[1mP@ssw0rd&amp#27;[0m&amp#27;[32m"&amp#27;[0m &amp#27;[90m# org.example.stepDefs.D02_loginStepDef.loginData(java.lang.String,java.lang.String,java.lang.String)&amp#27;[0m
  &amp#27;[32mAnd &amp#27;[0m&amp#27;[32muser press on login button&amp#27;[0m                                 &amp#27;[90m# org.example.stepDefs.D02_loginStepDef.LoginButton()&amp#27;[0m
  &amp#27;[32mThen &amp#27;[0m&amp#27;[32muser login to the system successfully&amp#27;[0m                     &amp#27;[90m# org.example.stepDefs.D02_loginStepDef.LoginSuccessfully()&amp#27;[0m

@smoke
Scenario: user could login with invalid email and password          &amp#27;[90m# src/main/resources/features/F02_Login.feature:14&amp#27;[0m
  &amp#27;[32mGiven &amp#27;[0m&amp#27;[32muser go to login page&amp#27;[0m                                       &amp#27;[90m# org.example.stepDefs.D02_loginStepDef.openLoginPage()&amp#27;[0m
  &amp#27;[32mWhen &amp#27;[0m&amp#27;[32muser login with "&amp#27;[0m&amp#27;[32m&amp#27;[1minvalid&amp#27;[0m&amp#27;[32m" "&amp#27;[0m&amp#27;[32m&amp#27;[1mwrong@example.com&amp#27;[0m&amp#27;[32m" and "&amp#27;[0m&amp#27;[32m&amp#27;[1mP@ssw0rd&amp#27;[0m&amp#27;[32m"&amp#27;[0m &amp#27;[90m# org.example.stepDefs.D02_loginStepDef.loginData(java.lang.String,java.lang.String,java.lang.String)&amp#27;[0m
  &amp#27;[32mAnd &amp#27;[0m&amp#27;[32muser press on login button&amp#27;[0m                                    &amp#27;[90m# org.example.stepDefs.D02_loginStepDef.LoginButton()&amp#27;[0m
  &amp#27;[32mThen &amp#27;[0m&amp#27;[32muser could not login to the system&amp#27;[0m                           &amp#27;[90m# org.example.stepDefs.D02_loginStepDef.notLogin()&amp#27;[0m

@smoke
Scenario: User could select the kind of currency                                                     &amp#27;[90m# src/main/resources/features/F03_currencies.feature:4&amp#27;[0m
  &amp#27;[32mWhen &amp#27;[0m&amp#27;[32mSelect Euro currency from the dropdown list on the top left of home page&amp#27;[0m                      &amp#27;[90m# org.example.stepDefs.D03_currenciesStepDef.dropdown()&amp#27;[0m
  &amp#27;[32mAnd &amp#27;[0m&amp#27;[32mUse hard assertion to verify Euro Symbol "&amp#27;[0m&amp#27;[32m&amp#27;[1mâ‚¬&amp#27;[0m&amp#27;[32m" is shown on the 4 products displayed in Home page&amp#27;[0m &amp#27;[90m# org.example.stepDefs.D03_currenciesStepDef.verifyEuroSymbol(java.lang.String)&amp#27;[0m

@smoke
Scenario Outline: user could search using product name &amp#27;[90m# src/main/resources/features/F04_Search.feature:13&amp#27;[0m
  &amp#27;[32mWhen &amp#27;[0m&amp#27;[32mUser could enter the product by &amp#27;[0m&amp#27;[32m&amp#27;[1mbook&amp#27;[0m            &amp#27;[90m# org.example.stepDefs.D04_searchStepDef.userCouldEnterTheProduct(java.lang.String)&amp#27;[0m
  &amp#27;[32mAnd &amp#27;[0m&amp#27;[32mpress on Search button&amp#27;[0m                           &amp#27;[90m# org.example.stepDefs.D04_searchStepDef.pressOnSearchButton()&amp#27;[0m
  &amp#27;[32mThen &amp#27;[0m&amp#27;[32muser go to productPage successfully by name&amp#27;[0m     &amp#27;[90m# org.example.stepDefs.D04_searchStepDef.userGoToProductPageSuccessfullyByName()&amp#27;[0m

@smoke
Scenario Outline: user could search using product name &amp#27;[90m# src/main/resources/features/F04_Search.feature:14&amp#27;[0m
  &amp#27;[32mWhen &amp#27;[0m&amp#27;[32mUser could enter the product by &amp#27;[0m&amp#27;[32m&amp#27;[1mlaptop&amp#27;[0m          &amp#27;[90m# org.example.stepDefs.D04_searchStepDef.userCouldEnterTheProduct(java.lang.String)&amp#27;[0m
  &amp#27;[32mAnd &amp#27;[0m&amp#27;[32mpress on Search button&amp#27;[0m                           &amp#27;[90m# org.example.stepDefs.D04_searchStepDef.pressOnSearchButton()&amp#27;[0m
  &amp#27;[32mThen &amp#27;[0m&amp#27;[32muser go to productPage successfully by name&amp#27;[0m     &amp#27;[90m# org.example.stepDefs.D04_searchStepDef.userGoToProductPageSuccessfullyByName()&amp#27;[0m

@smoke
Scenario Outline: user could search using product name &amp#27;[90m# src/main/resources/features/F04_Search.feature:15&amp#27;[0m
  &amp#27;[32mWhen &amp#27;[0m&amp#27;[32mUser could enter the product by &amp#27;[0m&amp#27;[32m&amp#27;[1mnike&amp#27;[0m            &amp#27;[90m# org.example.stepDefs.D04_searchStepDef.userCouldEnterTheProduct(java.lang.String)&amp#27;[0m
  &amp#27;[32mAnd &amp#27;[0m&amp#27;[32mpress on Search button&amp#27;[0m                           &amp#27;[90m# org.example.stepDefs.D04_searchStepDef.pressOnSearchButton()&amp#27;[0m
  &amp#27;[32mThen &amp#27;[0m&amp#27;[32muser go to productPage successfully by name&amp#27;[0m     &amp#27;[90m# org.example.stepDefs.D04_searchStepDef.userGoToProductPageSuccessfullyByName()&amp#27;[0m

@smoke
Scenario Outline: user could search for product using sku &amp#27;[90m# src/main/resources/features/F04_Search.feature:24&amp#27;[0m
  &amp#27;[32mWhen &amp#27;[0m&amp#27;[32mUser could enter the product by &amp#27;[0m&amp#27;[32m&amp#27;[1mSCI_FAITH&amp#27;[0m          &amp#27;[90m# org.example.stepDefs.D04_searchStepDef.userCouldEnterTheProduct(java.lang.String)&amp#27;[0m
  &amp#27;[32mAnd &amp#27;[0m&amp#27;[32mpress on Search button&amp#27;[0m                              &amp#27;[90m# org.example.stepDefs.D04_searchStepDef.pressOnSearchButton()&amp#27;[0m
  &amp#27;[32mThen &amp#27;[0m&amp#27;[32muser go to productPage successfully by Sku&amp#27;[0m         &amp#27;[90m# org.example.stepDefs.D04_searchStepDef.userGoToProductPageSuccessfullyBySku()&amp#27;[0m

@smoke
Scenario Outline: user could search for product using sku &amp#27;[90m# src/main/resources/features/F04_Search.feature:25&amp#27;[0m
  &amp#27;[32mWhen &amp#27;[0m&amp#27;[32mUser could enter the product by &amp#27;[0m&amp#27;[32m&amp#27;[1mAPPLE_CAM&amp#27;[0m          &amp#27;[90m# org.example.stepDefs.D04_searchStepDef.userCouldEnterTheProduct(java.lang.String)&amp#27;[0m
  &amp#27;[32mAnd &amp#27;[0m&amp#27;[32mpress on Search button&amp#27;[0m                              &amp#27;[90m# org.example.stepDefs.D04_searchStepDef.pressOnSearchButton()&amp#27;[0m
  &amp#27;[32mThen &amp#27;[0m&amp#27;[32muser go to productPage successfully by Sku&amp#27;[0m         &amp#27;[90m# org.example.stepDefs.D04_searchStepDef.userGoToProductPageSuccessfullyBySku()&amp#27;[0m

@smoke
Scenario Outline: user could search for product using sku &amp#27;[90m# src/main/resources/features/F04_Search.feature:26&amp#27;[0m
  &amp#27;[32mWhen &amp#27;[0m&amp#27;[32mUser could enter the product by &amp#27;[0m&amp#27;[32m&amp#27;[1mSF_PRO_11&amp#27;[0m          &amp#27;[90m# org.example.stepDefs.D04_searchStepDef.userCouldEnterTheProduct(java.lang.String)&amp#27;[0m
  &amp#27;[32mAnd &amp#27;[0m&amp#27;[32mpress on Search button&amp#27;[0m                              &amp#27;[90m# org.example.stepDefs.D04_searchStepDef.pressOnSearchButton()&amp#27;[0m
  &amp#27;[32mThen &amp#27;[0m&amp#27;[32muser go to productPage successfully by Sku&amp#27;[0m         &amp#27;[90m# org.example.stepDefs.D04_searchStepDef.userGoToProductPageSuccessfullyBySku()&amp#27;[0m

@smoke
Scenario: user could hover on one of main categories then click on sub category &amp#27;[90m# src/main/resources/features/F05_hoverCategories.feature:5&amp#27;[0m
  &amp#27;[32mWhen &amp#27;[0m&amp#27;[32muser could hover on categories&amp#27;[0m                                           &amp#27;[90m# org.example.stepDefs.D05_hoverCategoriesStepDef.hover_on_categories()&amp#27;[0m

@smoke
Scenario: first slider (Nokia Lumia 1020) is clickable on home page &amp#27;[90m# src/main/resources/features/F06_homeSliders.feature:4&amp#27;[0m
  &amp#27;[32mWhen &amp#27;[0m&amp#27;[32muser click on first slider Nokia Lumia 1020&amp#27;[0m                  &amp#27;[90m# org.example.stepDefs.D06_homeSlidersStepDef.click_on_first_slider()&amp#27;[0m
  &amp#27;[31mThen &amp#27;[0m&amp#27;[31muser go to Nokia Lumia 1020 page&amp#27;[0]]></system-out>
    <system-err><![CDATA[Starting ChromeDriver 104.0.5112.79 (3cf3e8c8a07d104b9e1260c910efb8f383285dc5-refs/branch-heads/5112@{#1307}) on port 64697
Only local connections are allowed.
Please see https://chromedriver.chromium.org/security-considerations for suggestions on keeping ChromeDriver safe.
ChromeDriver was started successfully.
أغس 19, 2022 5:50:15 م org.openqa.selenium.remote.ProtocolHandshake createSession
INFO: Detected upstream dialect: W3C
أغس 19, 2022 5:50:15 م org.openqa.selenium.devtools.CdpVersionFinder findNearestMatch
INFO: Found exact CDP implementation for version 104
]]></system-err>
  </testcase>
  <testcase name="runScenario[&quot;second slider (iPhone) is clickable on home page&quot;, &quot;F06_homeSliders | user could click on Sliders&quot;](13)" classname="org.example.testRunner.runners" time="16.342">
    <failure message="expected [https://demo.nopcommerce.com/iphone-6] but found [https://demo.nopcommerce.com/]" type="java.lang.AssertionError"><![CDATA[java.lang.AssertionError: expected [https://demo.nopcommerce.com/iphone-6] but found [https://demo.nopcommerce.com/]
	at org.testng.Assert.fail(Assert.java:110)
	at org.testng.Assert.failNotEquals(Assert.java:1413)
	at org.testng.Assert.assertEqualsImpl(Assert.java:149)
	at org.testng.Assert.assertEquals(Assert.java:131)
	at org.testng.Assert.assertEquals(Assert.java:655)
	at org.testng.Assert.assertEquals(Assert.java:665)
	at org.example.stepDefs.D06_homeSlidersStepDef.userGoToIPhonePage(D06_homeSlidersStepDef.java:28)
	at ✽.user go to iPhone  page(file:///D:/MY%20Brojct/demonopcommerce/src/main/resources/features/F06_homeSliders.feature:11)
]]></failure>
    <system-err><![CDATA[Starting ChromeDriver 104.0.5112.79 (3cf3e8c8a07d104b9e1260c910efb8f383285dc5-refs/branch-heads/5112@{#1307}) on port 52620
Only local connections are allowed.
Please see https://chromedriver.chromium.org/security-considerations for suggestions on keeping ChromeDriver safe.
ChromeDriver was started successfully.
أغس 19, 2022 5:50:31 م org.openqa.selenium.remote.ProtocolHandshake createSession
INFO: Detected upstream dialect: W3C
أغس 19, 2022 5:50:31 م org.openqa.selenium.devtools.CdpVersionFinder findNearestMatch
INFO: Found exact CDP implementation for version 104
]]></system-err>
  </testcase>
  <testcase name="runScenario[&quot;user opens facebook link&quot;, &quot;F07_followUs | users could open followUs links&quot;](14)" classname="org.example.testRunner.runners" time="24.832">
    <system-err><![CDATA[Starting ChromeDriver 104.0.5112.79 (3cf3e8c8a07d104b9e1260c910efb8f383285dc5-refs/branch-heads/5112@{#1307}) on port 50773
Only local connections are allowed.
Please see https://chromedriver.chromium.org/security-considerations for suggestions on keeping ChromeDriver safe.
ChromeDriver was started successfully.
أغس 19, 2022 5:50:48 م org.openqa.selenium.remote.ProtocolHandshake createSession
INFO: Detected upstream dialect: W3C
أغس 19, 2022 5:50:48 م org.openqa.selenium.devtools.CdpVersionFinder findNearestMatch
INFO: Found exact CDP implementation for version 104
]]></system-err>
  </testcase>
  <testcase name="runScenario[&quot;user opens twitter link&quot;, &quot;F07_followUs | users could open followUs links&quot;](15)" classname="org.example.testRunner.runners" time="29.167">
    <system-err><![CDATA[Starting ChromeDriver 104.0.5112.79 (3cf3e8c8a07d104b9e1260c910efb8f383285dc5-refs/branch-heads/5112@{#1307}) on port 55037
Only local connections are allowed.
Please see https://chromedriver.chromium.org/security-considerations for suggestions on keeping ChromeDriver safe.
ChromeDriver was started successfully.
أغس 19, 2022 5:51:13 م org.openqa.selenium.remote.ProtocolHandshake createSession
INFO: Detected upstream dialect: W3C
أغس 19, 2022 5:51:13 م org.openqa.selenium.devtools.CdpVersionFinder findNearestMatch
INFO: Found exact CDP implementation for version 104
]]></system-err>
  </testcase>
  <testcase name="runScenario[&quot;user opens rss link&quot;, &quot;F07_followUs | users could open followUs links&quot;](16)" classname="org.example.testRunner.runners" time="17.396">
    <failure message="Index: 1, Size: 1" type="java.lang.IndexOutOfBoundsException"><![CDATA[java.lang.IndexOutOfBoundsException: Index: 1, Size: 1
	at java.util.ArrayList.rangeCheck(ArrayList.java:659)
	at java.util.ArrayList.get(ArrayList.java:435)
	at org.example.stepDefs.D07_followUsStepDef.userOpensRssLink(D07_followUsStepDef.java:40)
	at ✽.user opens rss link(file:///D:/MY%20Brojct/demonopcommerce/src/main/resources/features/F07_followUs.feature:15)
]]></failure>
    <system-err><![CDATA[Starting ChromeDriver 104.0.5112.79 (3cf3e8c8a07d104b9e1260c910efb8f383285dc5-refs/branch-heads/5112@{#1307}) on port 57892
Only local connections are allowed.
Please see https://chromedriver.chromium.org/security-considerations for suggestions on keeping ChromeDriver safe.
ChromeDriver was started successfully.
أغس 19, 2022 5:51:43 م org.openqa.selenium.remote.ProtocolHandshake createSession
INFO: Detected upstream dialect: W3C
أغس 19, 2022 5:51:43 م org.openqa.selenium.devtools.CdpVersionFinder findNearestMatch
INFO: Found exact CDP implementation for version 104
]]></system-err>
  </testcase>
  <testcase name="runScenario[&quot;user opens youtube link&quot;, &quot;F07_followUs | users could open followUs links&quot;](17)" classname="org.example.testRunner.runners" time="27.968">
    <system-err><![CDATA[Starting ChromeDriver 104.0.5112.79 (3cf3e8c8a07d104b9e1260c910efb8f383285dc5-refs/branch-heads/5112@{#1307}) on port 64464
Only local connections are allowed.
Please see https://chromedriver.chromium.org/security-considerations for suggestions on keeping ChromeDriver safe.
ChromeDriver was started successfully.
أغس 19, 2022 5:51:59 م org.openqa.selenium.remote.ProtocolHandshake createSession
INFO: Detected upstream dialect: W3C
أغس 19, 2022 5:52:00 م org.openqa.selenium.devtools.CdpVersionFinder findNearestMatch
INFO: Found exact CDP implementation for version 104
]]></system-err>
  </testcase>
  <testcase name="runScenario[&quot;user could click on wishlist button ❤️ on this product &quot;HTC One M8 Android L 5.0 Lollipop&quot;&quot;, &quot;F08_Wishlist | user could use wishlist Functionality&quot;](18)" classname="org.example.testRunner.runners" time="16.717">
    <system-err><![CDATA[Starting ChromeDriver 104.0.5112.79 (3cf3e8c8a07d104b9e1260c910efb8f383285dc5-refs/branch-heads/5112@{#1307}) on port 54164
Only local connections are allowed.
Please see https://chromedriver.chromium.org/security-considerations for suggestions on keeping ChromeDriver safe.
ChromeDriver was started successfully.
أغس 19, 2022 5:52:27 م org.openqa.selenium.remote.ProtocolHandshake createSession
INFO: Detected upstream dialect: W3C
أغس 19, 2022 5:52:28 م org.openqa.selenium.devtools.CdpVersionFinder findNearestMatch
INFO: Found exact CDP implementation for version 104
]]></system-err>
  </testcase>
  <testcase name="runScenario[&quot;user click on wishlist in Success massage&quot;, &quot;F08_Wishlist | user could use wishlist Functionality&quot;](19)" classname="org.example.testRunner.runners" time="16.498">
    <system-out><![CDATA[countStr :1
]]></system-out>
    <system-err><![CDATA[Starting ChromeDriver 104.0.5112.79 (3cf3e8c8a07d104b9e1260c910efb8f383285dc5-refs/branch-heads/5112@{#1307}) on port 56146
Only local connections are allowed.
Please see https://chromedriver.chromium.org/security-considerations for suggestions on keeping ChromeDriver safe.
ChromeDriver was started successfully.
أغس 19, 2022 5:52:44 م org.openqa.selenium.remote.ProtocolHandshake createSession
INFO: Detected upstream dialect: W3C
أغس 19, 2022 5:52:44 م org.openqa.selenium.devtools.CdpVersionFinder findNearestMatch
INFO: Found exact CDP implementation for version 104
]]></system-err>
  </testcase>
</testsuite>